# JRE version: OpenJDK Runtime Environment (11.0.10) (build 11.0.10+0-b96-7249189)
# Java VM: OpenJDK 64-Bit Server VM (11.0.10+0-b96-7249189, mixed mode, tiered, compressed oops, g1 gc, linux-amd64)
Heap:
 garbage-first heap   total 915456K, used 230364K [0x0000000707000000, 0x0000000800000000)
  region size 1024K, 10 young (10240K), 10 survivors (10240K)
 Metaspace       used 70924K, capacity 71839K, committed 72320K, reserved 1114112K
  class space    used 7474K, capacity 7831K, committed 7884K, reserved 1048576K
GC Heap History (20 events):
Event: 36.063 GC heap after
{Heap after GC invocations=15 (full 0):
 garbage-first heap   total 313344K, used 118228K [0x0000000707000000, 0x0000000800000000)
  region size 1024K, 4 young (4096K), 4 survivors (4096K)
 Metaspace       used 58989K, capacity 59712K, committed 60288K, reserved 1103872K
  class space    used 6459K, capacity 6759K, committed 6860K, reserved 1048576K
}
Event: 36.676 GC heap before
{Heap before GC invocations=16 (full 0):
 garbage-first heap   total 313344K, used 158164K [0x0000000707000000, 0x0000000800000000)
  region size 1024K, 43 young (44032K), 4 survivors (4096K)
 Metaspace       used 59165K, capacity 59906K, committed 60544K, reserved 1103872K
  class space    used 6463K, capacity 6759K, committed 6860K, reserved 1048576K
}
Event: 36.687 GC heap after
{Heap after GC invocations=17 (full 0):
 garbage-first heap   total 313344K, used 125512K [0x0000000707000000, 0x0000000800000000)
  region size 1024K, 6 young (6144K), 6 survivors (6144K)
 Metaspace       used 59165K, capacity 59906K, committed 60544K, reserved 1103872K
  class space    used 6463K, capacity 6759K, committed 6860K, reserved 1048576K
}
Event: 38.007 GC heap before
{Heap before GC invocations=17 (full 0):
 garbage-first heap   total 313344K, used 182856K [0x0000000707000000, 0x0000000800000000)
  region size 1024K, 62 young (63488K), 6 survivors (6144K)
 Metaspace       used 59424K, capacity 60104K, committed 60800K, reserved 1103872K
  class space    used 6481K, capacity 6760K, committed 6860K, reserved 1048576K
}
Event: 38.020 GC heap after
{Heap after GC invocations=18 (full 0):
 garbage-first heap   total 313344K, used 135088K [0x0000000707000000, 0x0000000800000000)
  region size 1024K, 8 young (8192K), 8 survivors (8192K)
 Metaspace       used 59424K, capacity 60104K, committed 60800K, reserved 1103872K
  class space    used 6481K, capacity 6760K, committed 6860K, reserved 1048576K
}
Event: 38.266 GC heap before
{Heap before GC invocations=18 (full 0):
 garbage-first heap   total 313344K, used 198576K [0x0000000707000000, 0x0000000800000000)
  region size 1024K, 70 young (71680K), 8 survivors (8192K)
 Metaspace       used 59473K, capacity 60169K, committed 60800K, reserved 1103872K
  class space    used 6481K, capacity 6760K, committed 6860K, reserved 1048576K
}
Event: 38.281 GC heap after
{Heap after GC invocations=19 (full 0):
 garbage-first heap   total 313344K, used 145408K [0x0000000707000000, 0x0000000800000000)
  region size 1024K, 9 young (9216K), 9 survivors (9216K)
 Metaspace       used 59473K, capacity 60169K, committed 60800K, reserved 1103872K
  class space    used 6481K, capacity 6760K, committed 6860K, reserved 1048576K
}
Event: 38.495 GC heap before
{Heap before GC invocations=19 (full 0):
 garbage-first heap   total 313344K, used 208896K [0x0000000707000000, 0x0000000800000000)
  region size 1024K, 71 young (72704K), 9 survivors (9216K)
 Metaspace       used 59488K, capacity 60169K, committed 60800K, reserved 1103872K
  class space    used 6481K, capacity 6760K, committed 6860K, reserved 1048576K
}
Event: 38.509 GC heap after
{Heap after GC invocations=20 (full 0):
 garbage-first heap   total 313344K, used 156121K [0x0000000707000000, 0x0000000800000000)
  region size 1024K, 9 young (9216K), 9 survivors (9216K)
 Metaspace       used 59488K, capacity 60169K, committed 60800K, reserved 1103872K
  class space    used 6481K, capacity 6760K, committed 6860K, reserved 1048576K
}
Event: 39.413 GC heap before
{Heap before GC invocations=20 (full 0):
 garbage-first heap   total 313344K, used 219609K [0x0000000707000000, 0x0000000800000000)
  region size 1024K, 71 young (72704K), 9 survivors (9216K)
 Metaspace       used 59881K, capacity 60622K, committed 61312K, reserved 1103872K
  class space    used 6531K, capacity 6826K, committed 6860K, reserved 1048576K
}
Event: 39.430 GC heap after
{Heap after GC invocations=21 (full 0):
 garbage-first heap   total 313344K, used 167463K [0x0000000707000000, 0x0000000800000000)
  region size 1024K, 9 young (9216K), 9 survivors (9216K)
 Metaspace       used 59881K, capacity 60622K, committed 61312K, reserved 1103872K
  class space    used 6531K, capacity 6826K, committed 6860K, reserved 1048576K
}
Event: 40.557 GC heap before
{Heap before GC invocations=22 (full 0):
 garbage-first heap   total 313344K, used 229927K [0x0000000707000000, 0x0000000800000000)
  region size 1024K, 70 young (71680K), 9 survivors (9216K)
 Metaspace       used 60554K, capacity 61282K, committed 61952K, reserved 1103872K
  class space    used 6599K, capacity 6896K, committed 6988K, reserved 1048576K
}
Event: 40.588 GC heap after
{Heap after GC invocations=23 (full 0):
 garbage-first heap   total 519168K, used 173570K [0x0000000707000000, 0x0000000800000000)
  region size 1024K, 6 young (6144K), 6 survivors (6144K)
 Metaspace       used 60554K, capacity 61282K, committed 61952K, reserved 1103872K
  class space    used 6599K, capacity 6896K, committed 6988K, reserved 1048576K
}
Event: 41.120 GC heap before
{Heap before GC invocations=23 (full 0):
 garbage-first heap   total 519168K, used 294402K [0x0000000707000000, 0x0000000800000000)
  region size 1024K, 124 young (126976K), 6 survivors (6144K)
 Metaspace       used 60655K, capacity 61346K, committed 61952K, reserved 1103872K
  class space    used 6608K, capacity 6896K, committed 6988K, reserved 1048576K
}
Event: 41.172 GC heap after
{Heap after GC invocations=24 (full 0):
 garbage-first heap   total 519168K, used 173493K [0x0000000707000000, 0x0000000800000000)
  region size 1024K, 6 young (6144K), 6 survivors (6144K)
 Metaspace       used 60655K, capacity 61346K, committed 61952K, reserved 1103872K
  class space    used 6608K, capacity 6896K, committed 6988K, reserved 1048576K
}
Event: 49.795 GC heap before
{Heap before GC invocations=24 (full 0):
 garbage-first heap   total 519168K, used 356789K [0x0000000707000000, 0x0000000800000000)
  region size 1024K, 185 young (189440K), 6 survivors (6144K)
 Metaspace       used 67864K, capacity 68756K, committed 69504K, reserved 1112064K
  class space    used 7241K, capacity 7563K, committed 7628K, reserved 1048576K
}
Event: 50.067 GC heap after
{Heap after GC invocations=25 (full 0):
 garbage-first heap   total 519168K, used 189822K [0x0000000707000000, 0x0000000800000000)
  region size 1024K, 22 young (22528K), 22 survivors (22528K)
 Metaspace       used 67864K, capacity 68756K, committed 69504K, reserved 1112064K
  class space    used 7241K, capacity 7563K, committed 7628K, reserved 1048576K
}
Event: 55.547 GC heap before
{Heap before GC invocations=25 (full 0):
 garbage-first heap   total 519168K, used 377214K [0x0000000707000000, 0x0000000800000000)
  region size 1024K, 204 young (208896K), 22 survivors (22528K)
 Metaspace       used 70456K, capacity 71370K, committed 72064K, reserved 1114112K
  class space    used 7471K, capacity 7828K, committed 7884K, reserved 1048576K
}
Event: 55.805 GC heap after
{Heap after GC invocations=26 (full 0):
 garbage-first heap   total 519168K, used 211684K [0x0000000707000000, 0x0000000800000000)
  region size 1024K, 22 young (22528K), 22 survivors (22528K)
 Metaspace       used 70456K, capacity 71370K, committed 72064K, reserved 1114112K
  class space    used 7471K, capacity 7828K, committed 7884K, reserved 1048576K
}
Event: 57.999 GC heap before
{Heap before GC invocations=26 (full 0):
 garbage-first heap   total 519168K, used 320228K [0x0000000707000000, 0x0000000800000000)
  region size 1024K, 119 young (121856K), 22 survivors (22528K)
 Metaspace       used 70924K, capacity 71839K, committed 72320K, reserved 1114112K
  class space    used 7474K, capacity 7831K, committed 7884K, reserved 1048576K
}

