# JRE version: OpenJDK Runtime Environment (11.0.10) (build 11.0.10+0-b96-7249189)
# Java VM: OpenJDK 64-Bit Server VM (11.0.10+0-b96-7249189, mixed mode, tiered, compressed oops, g1 gc, linux-amd64)
Heap:
 garbage-first heap   total 891904K, used 387492K [0x0000000707000000, 0x0000000800000000)
  region size 1024K, 6 young (6144K), 6 survivors (6144K)
 Metaspace       used 75077K, capacity 76356K, committed 76588K, reserved 1118208K
  class space    used 7795K, capacity 8251K, committed 8320K, reserved 1048576K
GC Heap History (20 events):
Event: 72.099 GC heap after
{Heap after GC invocations=68 (full 0):
 garbage-first heap   total 442368K, used 345487K [0x0000000707000000, 0x0000000800000000)
  region size 1024K, 5 young (5120K), 5 survivors (5120K)
 Metaspace       used 74545K, capacity 75750K, committed 75948K, reserved 1118208K
  class space    used 7752K, capacity 8178K, committed 8192K, reserved 1048576K
}
Event: 72.976 GC heap before
{Heap before GC invocations=68 (full 0):
 garbage-first heap   total 442368K, used 388495K [0x0000000707000000, 0x0000000800000000)
  region size 1024K, 47 young (48128K), 5 survivors (5120K)
 Metaspace       used 74556K, capacity 75815K, committed 75948K, reserved 1118208K
  class space    used 7752K, capacity 8178K, committed 8192K, reserved 1048576K
}
Event: 72.993 GC heap after
{Heap after GC invocations=69 (full 0):
 garbage-first heap   total 442368K, used 349588K [0x0000000707000000, 0x0000000800000000)
  region size 1024K, 5 young (5120K), 5 survivors (5120K)
 Metaspace       used 74556K, capacity 75815K, committed 75948K, reserved 1118208K
  class space    used 7752K, capacity 8178K, committed 8192K, reserved 1048576K
}
Event: 73.516 GC heap before
{Heap before GC invocations=70 (full 0):
 garbage-first heap   total 442368K, used 387476K [0x0000000707000000, 0x0000000800000000)
  region size 1024K, 42 young (43008K), 5 survivors (5120K)
 Metaspace       used 74567K, capacity 75815K, committed 75948K, reserved 1118208K
  class space    used 7752K, capacity 8178K, committed 8192K, reserved 1048576K
}
Event: 73.529 GC heap after
{Heap after GC invocations=71 (full 0):
 garbage-first heap   total 442368K, used 352452K [0x0000000707000000, 0x0000000800000000)
  region size 1024K, 3 young (3072K), 3 survivors (3072K)
 Metaspace       used 74567K, capacity 75815K, committed 75948K, reserved 1118208K
  class space    used 7752K, capacity 8178K, committed 8192K, reserved 1048576K
}
Event: 73.927 GC heap before
{Heap before GC invocations=71 (full 0):
 garbage-first heap   total 442368K, used 370884K [0x0000000707000000, 0x0000000800000000)
  region size 1024K, 21 young (21504K), 3 survivors (3072K)
 Metaspace       used 74587K, capacity 75815K, committed 75948K, reserved 1118208K
  class space    used 7752K, capacity 8178K, committed 8192K, reserved 1048576K
}
Event: 73.936 GC heap after
{Heap after GC invocations=72 (full 0):
 garbage-first heap   total 442368K, used 353813K [0x0000000707000000, 0x0000000800000000)
  region size 1024K, 3 young (3072K), 3 survivors (3072K)
 Metaspace       used 74587K, capacity 75815K, committed 75948K, reserved 1118208K
  class space    used 7752K, capacity 8178K, committed 8192K, reserved 1048576K
}
Event: 74.736 GC heap before
{Heap before GC invocations=72 (full 0):
 garbage-first heap   total 442368K, used 387605K [0x0000000707000000, 0x0000000800000000)
  region size 1024K, 36 young (36864K), 3 survivors (3072K)
 Metaspace       used 74929K, capacity 76227K, committed 76332K, reserved 1118208K
  class space    used 7791K, capacity 8251K, committed 8320K, reserved 1048576K
}
Event: 74.746 GC heap after
{Heap after GC invocations=73 (full 0):
 garbage-first heap   total 442368K, used 356630K [0x0000000707000000, 0x0000000800000000)
  region size 1024K, 5 young (5120K), 5 survivors (5120K)
 Metaspace       used 74929K, capacity 76227K, committed 76332K, reserved 1118208K
  class space    used 7791K, capacity 8251K, committed 8320K, reserved 1048576K
}
Event: 75.202 GC heap before
{Heap before GC invocations=73 (full 0):
 garbage-first heap   total 442368K, used 389398K [0x0000000707000000, 0x0000000800000000)
  region size 1024K, 37 young (37888K), 5 survivors (5120K)
 Metaspace       used 74972K, capacity 76227K, committed 76332K, reserved 1118208K
  class space    used 7793K, capacity 8251K, committed 8320K, reserved 1048576K
}
Event: 75.223 GC heap after
{Heap after GC invocations=74 (full 0):
 garbage-first heap   total 442368K, used 358847K [0x0000000707000000, 0x0000000800000000)
  region size 1024K, 3 young (3072K), 3 survivors (3072K)
 Metaspace       used 74972K, capacity 76227K, committed 76332K, reserved 1118208K
  class space    used 7793K, capacity 8251K, committed 8320K, reserved 1048576K
}
Event: 75.735 GC heap before
{Heap before GC invocations=74 (full 0):
 garbage-first heap   total 442368K, used 389567K [0x0000000707000000, 0x0000000800000000)
  region size 1024K, 33 young (33792K), 3 survivors (3072K)
 Metaspace       used 74986K, capacity 76291K, committed 76588K, reserved 1118208K
  class space    used 7793K, capacity 8251K, committed 8320K, reserved 1048576K
}
Event: 75.749 GC heap after
{Heap after GC invocations=75 (full 0):
 garbage-first heap   total 531456K, used 361253K [0x0000000707000000, 0x0000000800000000)
  region size 1024K, 5 young (5120K), 5 survivors (5120K)
 Metaspace       used 74986K, capacity 76291K, committed 76588K, reserved 1118208K
  class space    used 7793K, capacity 8251K, committed 8320K, reserved 1048576K
}
Event: 77.117 GC heap before
{Heap before GC invocations=76 (full 0):
 garbage-first heap   total 531456K, used 443173K [0x0000000707000000, 0x0000000800000000)
  region size 1024K, 85 young (87040K), 5 survivors (5120K)
 Metaspace       used 75009K, capacity 76291K, committed 76588K, reserved 1118208K
  class space    used 7793K, capacity 8251K, committed 8320K, reserved 1048576K
}
Event: 77.138 GC heap after
{Heap after GC invocations=77 (full 0):
 garbage-first heap   total 531456K, used 367719K [0x0000000707000000, 0x0000000800000000)
  region size 1024K, 11 young (11264K), 11 survivors (11264K)
 Metaspace       used 75009K, capacity 76291K, committed 76588K, reserved 1118208K
  class space    used 7793K, capacity 8251K, committed 8320K, reserved 1048576K
}
Event: 78.423 GC heap before
{Heap before GC invocations=77 (full 0):
 garbage-first heap   total 531456K, used 448615K [0x0000000707000000, 0x0000000800000000)
  region size 1024K, 90 young (92160K), 11 survivors (11264K)
 Metaspace       used 75023K, capacity 76292K, committed 76588K, reserved 1118208K
  class space    used 7794K, capacity 8251K, committed 8320K, reserved 1048576K
}
Event: 78.577 GC heap after
{Heap after GC invocations=78 (full 0):
 garbage-first heap   total 531456K, used 375332K [0x0000000707000000, 0x0000000800000000)
  region size 1024K, 8 young (8192K), 8 survivors (8192K)
 Metaspace       used 75023K, capacity 76292K, committed 76588K, reserved 1118208K
  class space    used 7794K, capacity 8251K, committed 8320K, reserved 1048576K
}
Event: 80.127 GC heap before
{Heap before GC invocations=79 (full 0):
 garbage-first heap   total 531456K, used 453156K [0x0000000707000000, 0x0000000800000000)
  region size 1024K, 84 young (86016K), 8 survivors (8192K)
 Metaspace       used 75065K, capacity 76356K, committed 76588K, reserved 1118208K
  class space    used 7795K, capacity 8251K, committed 8320K, reserved 1048576K
}
Event: 80.207 GC heap after
{Heap after GC invocations=80 (full 0):
 garbage-first heap   total 531456K, used 381317K [0x0000000707000000, 0x0000000800000000)
  region size 1024K, 7 young (7168K), 7 survivors (7168K)
 Metaspace       used 75065K, capacity 76356K, committed 76588K, reserved 1118208K
  class space    used 7795K, capacity 8251K, committed 8320K, reserved 1048576K
}
Event: 81.187 GC heap before
{Heap before GC invocations=80 (full 0):
 garbage-first heap   total 531456K, used 455045K [0x0000000707000000, 0x0000000800000000)
  region size 1024K, 79 young (80896K), 7 survivors (7168K)
 Metaspace       used 75077K, capacity 76356K, committed 76588K, reserved 1118208K
  class space    used 7795K, capacity 8251K, committed 8320K, reserved 1048576K
}

