# JRE version: OpenJDK Runtime Environment (11.0.10) (build 11.0.10+0-b96-7249189)
# Java VM: OpenJDK 64-Bit Server VM (11.0.10+0-b96-7249189, mixed mode, tiered, compressed oops, g1 gc, linux-amd64)
Heap:
 garbage-first heap   total 911360K, used 382924K [0x0000000707000000, 0x0000000800000000)
  region size 1024K, 6 young (6144K), 6 survivors (6144K)
 Metaspace       used 75034K, capacity 76289K, committed 76416K, reserved 1118208K
  class space    used 7797K, capacity 8251K, committed 8320K, reserved 1048576K
GC Heap History (20 events):
Event: 46.072 GC heap after
{Heap after GC invocations=44 (full 0):
 garbage-first heap   total 442368K, used 334094K [0x0000000707000000, 0x0000000800000000)
  region size 1024K, 2 young (2048K), 2 survivors (2048K)
 Metaspace       used 74379K, capacity 75684K, committed 75776K, reserved 1116160K
  class space    used 7750K, capacity 8178K, committed 8192K, reserved 1048576K
}
Event: 46.764 GC heap before
{Heap before GC invocations=44 (full 0):
 garbage-first heap   total 442368K, used 387342K [0x0000000707000000, 0x0000000800000000)
  region size 1024K, 54 young (55296K), 2 survivors (2048K)
 Metaspace       used 74385K, capacity 75684K, committed 75776K, reserved 1116160K
  class space    used 7750K, capacity 8178K, committed 8192K, reserved 1048576K
}
Event: 46.772 GC heap after
{Heap after GC invocations=45 (full 0):
 garbage-first heap   total 442368K, used 337454K [0x0000000707000000, 0x0000000800000000)
  region size 1024K, 5 young (5120K), 5 survivors (5120K)
 Metaspace       used 74385K, capacity 75684K, committed 75776K, reserved 1116160K
  class space    used 7750K, capacity 8178K, committed 8192K, reserved 1048576K
}
Event: 47.415 GC heap before
{Heap before GC invocations=45 (full 0):
 garbage-first heap   total 442368K, used 387630K [0x0000000707000000, 0x0000000800000000)
  region size 1024K, 54 young (55296K), 5 survivors (5120K)
 Metaspace       used 74409K, capacity 75684K, committed 75776K, reserved 1116160K
  class space    used 7750K, capacity 8178K, committed 8192K, reserved 1048576K
}
Event: 47.429 GC heap after
{Heap after GC invocations=46 (full 0):
 garbage-first heap   total 442368K, used 341438K [0x0000000707000000, 0x0000000800000000)
  region size 1024K, 4 young (4096K), 4 survivors (4096K)
 Metaspace       used 74409K, capacity 75684K, committed 75776K, reserved 1116160K
  class space    used 7750K, capacity 8178K, committed 8192K, reserved 1048576K
}
Event: 48.054 GC heap before
{Heap before GC invocations=47 (full 0):
 garbage-first heap   total 442368K, used 387518K [0x0000000707000000, 0x0000000800000000)
  region size 1024K, 49 young (50176K), 4 survivors (4096K)
 Metaspace       used 74511K, capacity 75748K, committed 75776K, reserved 1116160K
  class space    used 7750K, capacity 8178K, committed 8192K, reserved 1048576K
}
Event: 48.069 GC heap after
{Heap after GC invocations=48 (full 0):
 garbage-first heap   total 442368K, used 345745K [0x0000000707000000, 0x0000000800000000)
  region size 1024K, 5 young (5120K), 5 survivors (5120K)
 Metaspace       used 74511K, capacity 75748K, committed 75776K, reserved 1116160K
  class space    used 7750K, capacity 8178K, committed 8192K, reserved 1048576K
}
Event: 48.278 GC heap before
{Heap before GC invocations=48 (full 0):
 garbage-first heap   total 442368K, used 362129K [0x0000000707000000, 0x0000000800000000)
  region size 1024K, 21 young (21504K), 5 survivors (5120K)
 Metaspace       used 74512K, capacity 75748K, committed 75776K, reserved 1116160K
  class space    used 7750K, capacity 8178K, committed 8192K, reserved 1048576K
}
Event: 48.291 GC heap after
{Heap after GC invocations=49 (full 0):
 garbage-first heap   total 442368K, used 346399K [0x0000000707000000, 0x0000000800000000)
  region size 1024K, 2 young (2048K), 2 survivors (2048K)
 Metaspace       used 74512K, capacity 75748K, committed 75776K, reserved 1116160K
  class space    used 7750K, capacity 8178K, committed 8192K, reserved 1048576K
}
Event: 48.821 GC heap before
{Heap before GC invocations=49 (full 0):
 garbage-first heap   total 442368K, used 388383K [0x0000000707000000, 0x0000000800000000)
  region size 1024K, 43 young (44032K), 2 survivors (2048K)
 Metaspace       used 74524K, capacity 75812K, committed 76032K, reserved 1118208K
  class space    used 7750K, capacity 8178K, committed 8192K, reserved 1048576K
}
Event: 48.829 GC heap after
{Heap after GC invocations=50 (full 0):
 garbage-first heap   total 531456K, used 349562K [0x0000000707000000, 0x0000000800000000)
  region size 1024K, 5 young (5120K), 5 survivors (5120K)
 Metaspace       used 74524K, capacity 75812K, committed 76032K, reserved 1118208K
  class space    used 7750K, capacity 8178K, committed 8192K, reserved 1048576K
}
Event: 50.484 GC heap before
{Heap before GC invocations=51 (full 0):
 garbage-first heap   total 531456K, used 435578K [0x0000000707000000, 0x0000000800000000)
  region size 1024K, 89 young (91136K), 5 survivors (5120K)
 Metaspace       used 74605K, capacity 75876K, committed 76032K, reserved 1118208K
  class space    used 7757K, capacity 8178K, committed 8192K, reserved 1048576K
}
Event: 50.550 GC heap after
{Heap after GC invocations=52 (full 0):
 garbage-first heap   total 531456K, used 356273K [0x0000000707000000, 0x0000000800000000)
  region size 1024K, 12 young (12288K), 12 survivors (12288K)
 Metaspace       used 74605K, capacity 75876K, committed 76032K, reserved 1118208K
  class space    used 7757K, capacity 8178K, committed 8192K, reserved 1048576K
}
Event: 52.054 GC heap before
{Heap before GC invocations=52 (full 0):
 garbage-first heap   total 531456K, used 441265K [0x0000000707000000, 0x0000000800000000)
  region size 1024K, 95 young (97280K), 12 survivors (12288K)
 Metaspace       used 74961K, capacity 76224K, committed 76416K, reserved 1118208K
  class space    used 7796K, capacity 8251K, committed 8320K, reserved 1048576K
}
Event: 52.094 GC heap after
{Heap after GC invocations=53 (full 0):
 garbage-first heap   total 531456K, used 363109K [0x0000000707000000, 0x0000000800000000)
  region size 1024K, 7 young (7168K), 7 survivors (7168K)
 Metaspace       used 74961K, capacity 76224K, committed 76416K, reserved 1118208K
  class space    used 7796K, capacity 8251K, committed 8320K, reserved 1048576K
}
Event: 53.355 GC heap before
{Heap before GC invocations=54 (full 0):
 garbage-first heap   total 531456K, used 448101K [0x0000000707000000, 0x0000000800000000)
  region size 1024K, 90 young (92160K), 7 survivors (7168K)
 Metaspace       used 74970K, capacity 76224K, committed 76416K, reserved 1118208K
  class space    used 7796K, capacity 8251K, committed 8320K, reserved 1048576K
}
Event: 53.468 GC heap after
{Heap after GC invocations=55 (full 0):
 garbage-first heap   total 531456K, used 370069K [0x0000000707000000, 0x0000000800000000)
  region size 1024K, 7 young (7168K), 7 survivors (7168K)
 Metaspace       used 74970K, capacity 76224K, committed 76416K, reserved 1118208K
  class space    used 7796K, capacity 8251K, committed 8320K, reserved 1048576K
}
Event: 54.555 GC heap before
{Heap before GC invocations=55 (full 0):
 garbage-first heap   total 531456K, used 451989K [0x0000000707000000, 0x0000000800000000)
  region size 1024K, 87 young (89088K), 7 survivors (7168K)
 Metaspace       used 74992K, capacity 76225K, committed 76416K, reserved 1118208K
  class space    used 7796K, capacity 8251K, committed 8320K, reserved 1048576K
}
Event: 54.611 GC heap after
{Heap after GC invocations=56 (full 0):
 garbage-first heap   total 531456K, used 377292K [0x0000000707000000, 0x0000000800000000)
  region size 1024K, 7 young (7168K), 7 survivors (7168K)
 Metaspace       used 74992K, capacity 76225K, committed 76416K, reserved 1118208K
  class space    used 7796K, capacity 8251K, committed 8320K, reserved 1048576K
}
Event: 56.817 GC heap before
{Heap before GC invocations=57 (full 0):
 garbage-first heap   total 531456K, used 455116K [0x0000000707000000, 0x0000000800000000)
  region size 1024K, 83 young (84992K), 7 survivors (7168K)
 Metaspace       used 75034K, capacity 76289K, committed 76416K, reserved 1118208K
  class space    used 7797K, capacity 8251K, committed 8320K, reserved 1048576K
}

